2024-03-21 10:36:05,608 ERROR org.springframework.boot.SpringApplication [main] Application run failed
java.lang.IllegalStateException: java.lang.IllegalStateException: Logback configuration error detected: 
ERROR in ch.qos.logback.classic.pattern.ClassOfCallerConverter@31c7528f - failed to parse integer string [1.] java.lang.NumberFormatException: For input string: "1."
ERROR in ch.qos.logback.classic.pattern.ClassOfCallerConverter@2b76ff4e - failed to parse integer string [1.] java.lang.NumberFormatException: For input string: "1."
	at org.springframework.boot.context.logging.LoggingApplicationListener.initializeSystem(LoggingApplicationListener.java:347)
	at org.springframework.boot.context.logging.LoggingApplicationListener.initialize(LoggingApplicationListener.java:298)
	at org.springframework.boot.context.logging.LoggingApplicationListener.onApplicationEnvironmentPreparedEvent(LoggingApplicationListener.java:246)
	at org.springframework.boot.context.logging.LoggingApplicationListener.onApplicationEvent(LoggingApplicationListener.java:223)
	at org.springframework.context.event.SimpleApplicationEventMulticaster.doInvokeListener(SimpleApplicationEventMulticaster.java:185)
	at org.springframework.context.event.SimpleApplicationEventMulticaster.invokeListener(SimpleApplicationEventMulticaster.java:178)
	at org.springframework.context.event.SimpleApplicationEventMulticaster.multicastEvent(SimpleApplicationEventMulticaster.java:156)
	at org.springframework.context.event.SimpleApplicationEventMulticaster.multicastEvent(SimpleApplicationEventMulticaster.java:138)
	at org.springframework.boot.context.event.EventPublishingRunListener.multicastInitialEvent(EventPublishingRunListener.java:136)
	at org.springframework.boot.context.event.EventPublishingRunListener.environmentPrepared(EventPublishingRunListener.java:81)
	at org.springframework.boot.SpringApplicationRunListeners.lambda$environmentPrepared$2(SpringApplicationRunListeners.java:64)
	at java.base/java.lang.Iterable.forEach(Iterable.java:75)
	at org.springframework.boot.SpringApplicationRunListeners.doWithListeners(SpringApplicationRunListeners.java:118)
	at org.springframework.boot.SpringApplicationRunListeners.doWithListeners(SpringApplicationRunListeners.java:112)
	at org.springframework.boot.SpringApplicationRunListeners.environmentPrepared(SpringApplicationRunListeners.java:63)
	at org.springframework.boot.SpringApplication.prepareEnvironment(SpringApplication.java:369)
	at org.springframework.boot.SpringApplication.run(SpringApplication.java:329)
	at org.springframework.boot.SpringApplication.run(SpringApplication.java:1354)
	at org.springframework.boot.SpringApplication.run(SpringApplication.java:1343)
	at org.example.Main.main(Main.java:11)
Caused by: java.lang.IllegalStateException: Logback configuration error detected: 
ERROR in ch.qos.logback.classic.pattern.ClassOfCallerConverter@31c7528f - failed to parse integer string [1.] java.lang.NumberFormatException: For input string: "1."
ERROR in ch.qos.logback.classic.pattern.ClassOfCallerConverter@2b76ff4e - failed to parse integer string [1.] java.lang.NumberFormatException: For input string: "1."
	at org.springframework.boot.logging.logback.LogbackLoggingSystem.reportConfigurationErrorsIfNecessary(LogbackLoggingSystem.java:277)
	at org.springframework.boot.logging.logback.LogbackLoggingSystem.loadConfiguration(LogbackLoggingSystem.java:255)
	at org.springframework.boot.logging.logback.LogbackLoggingSystem.reinitialize(LogbackLoggingSystem.java:334)
	at org.springframework.boot.logging.AbstractLoggingSystem.initializeWithConventions(AbstractLoggingSystem.java:74)
	at org.springframework.boot.logging.AbstractLoggingSystem.initialize(AbstractLoggingSystem.java:61)
	at org.springframework.boot.logging.logback.LogbackLoggingSystem.initialize(LogbackLoggingSystem.java:189)
	at org.springframework.boot.context.logging.LoggingApplicationListener.initializeSystem(LoggingApplicationListener.java:332)
	... 19 common frames omitted
	Suppressed: java.lang.NumberFormatException: For input string: "1."
		at java.base/java.lang.NumberFormatException.forInputString(NumberFormatException.java:67)
		at java.base/java.lang.Integer.parseInt(Integer.java:662)
		at java.base/java.lang.Integer.parseInt(Integer.java:778)
		at ch.qos.logback.classic.pattern.NamedConverter.start(NamedConverter.java:92)
		at ch.qos.logback.core.pattern.ConverterUtil.startConverters(ConverterUtil.java:37)
		at ch.qos.logback.core.pattern.ConverterUtil.startConverters(ConverterUtil.java:33)
		at ch.qos.logback.core.pattern.PatternLayoutBase.start(PatternLayoutBase.java:90)
		at ch.qos.logback.core.model.processor.ImplicitModelHandler.postHandleComplex(ImplicitModelHandler.java:208)
		at ch.qos.logback.core.model.processor.ImplicitModelHandler.postHandle(ImplicitModelHandler.java:186)
		at ch.qos.logback.core.model.processor.DefaultProcessor.secondPhaseTraverse(DefaultProcessor.java:257)
		at ch.qos.logback.core.model.processor.DefaultProcessor.secondPhaseTraverse(DefaultProcessor.java:253)
		at ch.qos.logback.core.model.processor.DefaultProcessor.secondPhaseTraverse(DefaultProcessor.java:253)
		at ch.qos.logback.core.model.processor.DefaultProcessor.traversalLoop(DefaultProcessor.java:90)
		at ch.qos.logback.core.model.processor.DefaultProcessor.process(DefaultProcessor.java:106)
		at ch.qos.logback.core.joran.GenericXMLConfigurator.processModel(GenericXMLConfigurator.java:208)
		at org.springframework.boot.logging.logback.SpringBootJoranConfigurator.processModel(SpringBootJoranConfigurator.java:122)
		at ch.qos.logback.core.joran.GenericXMLConfigurator.doConfigure(GenericXMLConfigurator.java:170)
		at ch.qos.logback.core.joran.GenericXMLConfigurator.doConfigure(GenericXMLConfigurator.java:122)
		at ch.qos.logback.core.joran.GenericXMLConfigurator.doConfigure(GenericXMLConfigurator.java:65)
		at org.springframework.boot.logging.logback.LogbackLoggingSystem.configureByResourceUrl(LogbackLoggingSystem.java:287)
		at org.springframework.boot.logging.logback.LogbackLoggingSystem.lambda$loadConfiguration$1(LogbackLoggingSystem.java:249)
		at org.springframework.boot.logging.logback.LogbackLoggingSystem.withLoggingSuppressed(LogbackLoggingSystem.java:467)
		at org.springframework.boot.logging.logback.LogbackLoggingSystem.loadConfiguration(LogbackLoggingSystem.java:244)
		... 24 common frames omitted
	Suppressed: java.lang.NumberFormatException: For input string: "1."
		at java.base/java.lang.NumberFormatException.forInputString(NumberFormatException.java:67)
		at java.base/java.lang.Integer.parseInt(Integer.java:662)
		at java.base/java.lang.Integer.parseInt(Integer.java:778)
		at ch.qos.logback.classic.pattern.NamedConverter.start(NamedConverter.java:92)
		at ch.qos.logback.core.pattern.ConverterUtil.startConverters(ConverterUtil.java:37)
		at ch.qos.logback.core.pattern.PatternLayoutBase.start(PatternLayoutBase.java:90)
		at ch.qos.logback.classic.encoder.PatternLayoutEncoder.start(PatternLayoutEncoder.java:28)
		at ch.qos.logback.core.model.processor.ImplicitModelHandler.postHandleComplex(ImplicitModelHandler.java:208)
		at ch.qos.logback.core.model.processor.ImplicitModelHandler.postHandle(ImplicitModelHandler.java:186)
		at ch.qos.logback.core.model.processor.DefaultProcessor.secondPhaseTraverse(DefaultProcessor.java:257)
		at ch.qos.logback.core.model.processor.DefaultProcessor.secondPhaseTraverse(DefaultProcessor.java:253)
		at ch.qos.logback.core.model.processor.DefaultProcessor.secondPhaseTraverse(DefaultProcessor.java:253)
		at ch.qos.logback.core.model.processor.DefaultProcessor.traversalLoop(DefaultProcessor.java:90)
		at ch.qos.logback.core.model.processor.DefaultProcessor.process(DefaultProcessor.java:106)
		at ch.qos.logback.core.joran.GenericXMLConfigurator.processModel(GenericXMLConfigurator.java:208)
		at org.springframework.boot.logging.logback.SpringBootJoranConfigurator.processModel(SpringBootJoranConfigurator.java:122)
		at ch.qos.logback.core.joran.GenericXMLConfigurator.doConfigure(GenericXMLConfigurator.java:170)
		at ch.qos.logback.core.joran.GenericXMLConfigurator.doConfigure(GenericXMLConfigurator.java:122)
		at ch.qos.logback.core.joran.GenericXMLConfigurator.doConfigure(GenericXMLConfigurator.java:65)
		at org.springframework.boot.logging.logback.LogbackLoggingSystem.configureByResourceUrl(LogbackLoggingSystem.java:287)
		at org.springframework.boot.logging.logback.LogbackLoggingSystem.lambda$loadConfiguration$1(LogbackLoggingSystem.java:249)
		at org.springframework.boot.logging.logback.LogbackLoggingSystem.withLoggingSuppressed(LogbackLoggingSystem.java:467)
		at org.springframework.boot.logging.logback.LogbackLoggingSystem.loadConfiguration(LogbackLoggingSystem.java:244)
		... 24 common frames omitted
2024-03-21 11:03:49,675 INFO o.s.b.StartupInfoLogger [main] Starting Main using Java 21.0.2 with PID 19960 (C:\Users\A240893\Documents\projects\SpringBootProject\target\classes started by A240893 in C:\Users\A240893\Documents\projects\SpringBootProject)
2024-03-21 11:03:49,677 INFO o.s.b.SpringApplication [main] No active profile set, falling back to 1 default profile: "default"
2024-03-21 11:03:50,373 INFO o.s.d.r.c.RepositoryConfigurationDelegate [main] Bootstrapping Spring Data JPA repositories in DEFAULT mode.
2024-03-21 11:03:50,415 INFO o.s.d.r.c.RepositoryConfigurationDelegate [main] Finished Spring Data repository scanning in 34 ms. Found 2 JPA repository interfaces.
2024-03-21 11:03:51,101 INFO o.s.b.w.e.t.TomcatWebServer [main] Tomcat initialized with port 7070 (http)
2024-03-21 11:03:51,110 INFO o.a.j.l.DirectJDKLog [main] Initializing ProtocolHandler ["http-nio-7070"]
2024-03-21 11:03:51,112 INFO o.a.j.l.DirectJDKLog [main] Starting service [Tomcat]
2024-03-21 11:03:51,112 INFO o.a.j.l.DirectJDKLog [main] Starting Servlet engine: [Apache Tomcat/10.1.19]
2024-03-21 11:03:51,166 INFO o.a.j.l.DirectJDKLog [main] Initializing Spring embedded WebApplicationContext
2024-03-21 11:03:51,167 INFO o.s.b.w.s.c.ServletWebServerApplicationContext [main] Root WebApplicationContext: initialization completed in 1459 ms
2024-03-21 11:03:51,672 INFO o.h.j.i.u.LogHelper [main] HHH000204: Processing PersistenceUnitInfo [name: default]
2024-03-21 11:03:51,840 INFO o.h.Version [main] HHH000412: Hibernate ORM core version 6.4.4.Final
2024-03-21 11:03:51,903 INFO o.h.c.i.RegionFactoryInitiator [main] HHH000026: Second-level cache disabled
2024-03-21 11:03:52,148 INFO o.s.o.j.p.SpringPersistenceUnitInfo [main] No LoadTimeWeaver setup: ignoring JPA class transformer
2024-03-21 11:03:52,184 INFO c.z.h.HikariDataSource [main] HikariPool-1 - Starting...
2024-03-21 11:03:52,342 INFO c.z.h.p.HikariPool [main] HikariPool-1 - Added connection conn0: url=jdbc:h2:mem:81aaafdc-709c-41b4-bfe3-ca83faedbde8 user=SA
2024-03-21 11:03:52,344 INFO c.z.h.HikariDataSource [main] HikariPool-1 - Start completed.
2024-03-21 11:03:53,036 INFO o.h.e.t.j.p.i.JtaPlatformInitiator [main] HHH000489: No JTA platform available (set 'hibernate.transaction.jta.platform' to enable JTA platform integration)
2024-03-21 11:03:53,076 INFO o.s.o.j.AbstractEntityManagerFactoryBean [main] Initialized JPA EntityManagerFactory for persistence unit 'default'
2024-03-21 11:03:53,965 WARN o.s.b.a.o.j.JpaBaseConfiguration$JpaWebConfiguration [main] spring.jpa.open-in-view is enabled by default. Therefore, database queries may be performed during view rendering. Explicitly configure spring.jpa.open-in-view to disable this warning
2024-03-21 11:03:54,898 INFO o.s.b.a.e.w.EndpointLinksResolver [main] Exposing 1 endpoint(s) beneath base path '/actuator'
2024-03-21 11:03:55,002 INFO o.a.j.l.DirectJDKLog [main] Starting ProtocolHandler ["http-nio-7070"]
2024-03-21 11:03:55,024 INFO o.s.b.w.e.t.TomcatWebServer [main] Tomcat started on port 7070 (http) with context path ''
2024-03-21 11:03:55,036 INFO o.s.b.StartupInfoLogger [main] Started Main in 5.735 seconds (process running for 6.048)
2024-03-21 11:04:22,576 INFO o.a.j.l.DirectJDKLog [http-nio-7070-exec-1] Initializing Spring DispatcherServlet 'dispatcherServlet'
2024-03-21 11:04:22,577 INFO o.s.w.s.FrameworkServlet [http-nio-7070-exec-1] Initializing Servlet 'dispatcherServlet'
2024-03-21 11:04:22,578 INFO o.s.w.s.FrameworkServlet [http-nio-7070-exec-1] Completed initialization in 1 ms
2024-03-21 11:04:22,601 INFO o.e.c.LoggingController [http-nio-7070-exec-1] An INFO Message
2024-03-21 11:04:22,601 WARN o.e.c.LoggingController [http-nio-7070-exec-1] A WARN Message
2024-03-21 11:04:22,601 ERROR o.e.c.LoggingController [http-nio-7070-exec-1] An ERROR Message
2024-03-21 11:06:20,790 INFO o.s.o.j.AbstractEntityManagerFactoryBean [SpringApplicationShutdownHook] Closing JPA EntityManagerFactory for persistence unit 'default'
2024-03-21 11:06:20,794 INFO c.z.h.HikariDataSource [SpringApplicationShutdownHook] HikariPool-1 - Shutdown initiated...
2024-03-21 11:06:20,796 INFO c.z.h.HikariDataSource [SpringApplicationShutdownHook] HikariPool-1 - Shutdown completed.
2024-03-21 11:10:41,395 INFO o.s.b.StartupInfoLogger [main] Starting Main using Java 21.0.2 with PID 26492 (C:\Users\A240893\Documents\projects\SpringBootProject\target\classes started by A240893 in C:\Users\A240893\Documents\projects\SpringBootProject)
2024-03-21 11:10:41,399 INFO o.s.b.SpringApplication [main] No active profile set, falling back to 1 default profile: "default"
2024-03-21 11:10:42,178 INFO o.s.d.r.c.RepositoryConfigurationDelegate [main] Bootstrapping Spring Data JPA repositories in DEFAULT mode.
2024-03-21 11:10:42,225 INFO o.s.d.r.c.RepositoryConfigurationDelegate [main] Finished Spring Data repository scanning in 41 ms. Found 2 JPA repository interfaces.
2024-03-21 11:10:42,880 INFO o.s.b.w.e.t.TomcatWebServer [main] Tomcat initialized with port 7070 (http)
2024-03-21 11:10:42,887 INFO o.a.j.l.DirectJDKLog [main] Initializing ProtocolHandler ["http-nio-7070"]
2024-03-21 11:10:42,889 INFO o.a.j.l.DirectJDKLog [main] Starting service [Tomcat]
2024-03-21 11:10:42,889 INFO o.a.j.l.DirectJDKLog [main] Starting Servlet engine: [Apache Tomcat/10.1.19]
2024-03-21 11:10:42,940 INFO o.a.j.l.DirectJDKLog [main] Initializing Spring embedded WebApplicationContext
2024-03-21 11:10:42,941 INFO o.s.b.w.s.c.ServletWebServerApplicationContext [main] Root WebApplicationContext: initialization completed in 1504 ms
2024-03-21 11:10:43,442 INFO o.h.j.i.u.LogHelper [main] HHH000204: Processing PersistenceUnitInfo [name: default]
2024-03-21 11:10:43,520 INFO o.h.Version [main] HHH000412: Hibernate ORM core version 6.4.4.Final
2024-03-21 11:10:43,602 INFO o.h.c.i.RegionFactoryInitiator [main] HHH000026: Second-level cache disabled
2024-03-21 11:10:43,847 INFO o.s.o.j.p.SpringPersistenceUnitInfo [main] No LoadTimeWeaver setup: ignoring JPA class transformer
2024-03-21 11:10:43,897 INFO c.z.h.HikariDataSource [main] HikariPool-1 - Starting...
2024-03-21 11:10:44,042 INFO c.z.h.p.HikariPool [main] HikariPool-1 - Added connection conn0: url=jdbc:h2:mem:61045b21-7ec6-439b-96ef-191ac0aa12aa user=SA
2024-03-21 11:10:44,044 INFO c.z.h.HikariDataSource [main] HikariPool-1 - Start completed.
2024-03-21 11:10:44,672 INFO o.h.e.t.j.p.i.JtaPlatformInitiator [main] HHH000489: No JTA platform available (set 'hibernate.transaction.jta.platform' to enable JTA platform integration)
2024-03-21 11:10:44,708 INFO o.s.o.j.AbstractEntityManagerFactoryBean [main] Initialized JPA EntityManagerFactory for persistence unit 'default'
2024-03-21 11:10:45,545 WARN o.s.b.a.o.j.JpaBaseConfiguration$JpaWebConfiguration [main] spring.jpa.open-in-view is enabled by default. Therefore, database queries may be performed during view rendering. Explicitly configure spring.jpa.open-in-view to disable this warning
2024-03-21 11:10:46,487 INFO o.s.b.a.e.w.EndpointLinksResolver [main] Exposing 1 endpoint(s) beneath base path '/actuator'
2024-03-21 11:10:46,602 INFO o.a.j.l.DirectJDKLog [main] Starting ProtocolHandler ["http-nio-7070"]
2024-03-21 11:10:46,627 INFO o.s.b.w.e.t.TomcatWebServer [main] Tomcat started on port 7070 (http) with context path ''
2024-03-21 11:10:46,637 INFO o.s.b.StartupInfoLogger [main] Started Main in 5.718 seconds (process running for 6.046)
2024-03-21 11:11:02,430 INFO o.a.j.l.DirectJDKLog [http-nio-7070-exec-2] Initializing Spring DispatcherServlet 'dispatcherServlet'
2024-03-21 11:11:02,430 INFO o.s.w.s.FrameworkServlet [http-nio-7070-exec-2] Initializing Servlet 'dispatcherServlet'
2024-03-21 11:11:02,431 INFO o.s.w.s.FrameworkServlet [http-nio-7070-exec-2] Completed initialization in 1 ms
2024-03-21 11:11:54,028 WARN o.s.w.s.h.AbstractHandlerExceptionResolver [http-nio-7070-exec-3] Resolved [org.springframework.web.HttpRequestMethodNotSupportedException: Request method 'POST' is not supported]
2024-03-21 11:46:02,456 INFO o.s.o.j.AbstractEntityManagerFactoryBean [SpringApplicationShutdownHook] Closing JPA EntityManagerFactory for persistence unit 'default'
2024-03-21 11:46:02,460 INFO c.z.h.HikariDataSource [SpringApplicationShutdownHook] HikariPool-1 - Shutdown initiated...
2024-03-21 11:46:02,462 INFO c.z.h.HikariDataSource [SpringApplicationShutdownHook] HikariPool-1 - Shutdown completed.
2024-03-21 11:46:11,695 INFO o.s.b.StartupInfoLogger [main] Starting Main using Java 21.0.2 with PID 12088 (C:\Users\A240893\Documents\projects\SpringBootProject\target\classes started by A240893 in C:\Users\A240893\Documents\projects\SpringBootProject)
2024-03-21 11:46:11,698 INFO o.s.b.SpringApplication [main] No active profile set, falling back to 1 default profile: "default"
2024-03-21 11:46:12,518 INFO o.s.d.r.c.RepositoryConfigurationDelegate [main] Bootstrapping Spring Data JPA repositories in DEFAULT mode.
2024-03-21 11:46:12,568 INFO o.s.d.r.c.RepositoryConfigurationDelegate [main] Finished Spring Data repository scanning in 43 ms. Found 2 JPA repository interfaces.
2024-03-21 11:46:13,326 INFO o.s.b.w.e.t.TomcatWebServer [main] Tomcat initialized with port 7070 (http)
2024-03-21 11:46:13,335 INFO o.a.j.l.DirectJDKLog [main] Initializing ProtocolHandler ["http-nio-7070"]
2024-03-21 11:46:13,338 INFO o.a.j.l.DirectJDKLog [main] Starting service [Tomcat]
2024-03-21 11:46:13,338 INFO o.a.j.l.DirectJDKLog [main] Starting Servlet engine: [Apache Tomcat/10.1.19]
2024-03-21 11:46:13,390 INFO o.a.j.l.DirectJDKLog [main] Initializing Spring embedded WebApplicationContext
2024-03-21 11:46:13,392 INFO o.s.b.w.s.c.ServletWebServerApplicationContext [main] Root WebApplicationContext: initialization completed in 1657 ms
2024-03-21 11:46:14,008 INFO o.h.j.i.u.LogHelper [main] HHH000204: Processing PersistenceUnitInfo [name: default]
2024-03-21 11:46:14,144 INFO o.h.Version [main] HHH000412: Hibernate ORM core version 6.4.4.Final
2024-03-21 11:46:14,221 INFO o.h.c.i.RegionFactoryInitiator [main] HHH000026: Second-level cache disabled
2024-03-21 11:46:14,452 INFO o.s.o.j.p.SpringPersistenceUnitInfo [main] No LoadTimeWeaver setup: ignoring JPA class transformer
2024-03-21 11:46:14,503 INFO c.z.h.HikariDataSource [main] HikariPool-1 - Starting...
2024-03-21 11:46:14,646 INFO c.z.h.p.HikariPool [main] HikariPool-1 - Added connection conn0: url=jdbc:h2:mem:0f57e642-711d-492c-85bf-3adac2113026 user=SA
2024-03-21 11:46:14,648 INFO c.z.h.HikariDataSource [main] HikariPool-1 - Start completed.
2024-03-21 11:46:15,361 INFO o.h.e.t.j.p.i.JtaPlatformInitiator [main] HHH000489: No JTA platform available (set 'hibernate.transaction.jta.platform' to enable JTA platform integration)
2024-03-21 11:46:15,403 INFO o.s.o.j.AbstractEntityManagerFactoryBean [main] Initialized JPA EntityManagerFactory for persistence unit 'default'
2024-03-21 11:46:16,309 WARN o.s.b.a.o.j.JpaBaseConfiguration$JpaWebConfiguration [main] spring.jpa.open-in-view is enabled by default. Therefore, database queries may be performed during view rendering. Explicitly configure spring.jpa.open-in-view to disable this warning
2024-03-21 11:46:17,217 INFO o.s.b.a.e.w.EndpointLinksResolver [main] Exposing 1 endpoint(s) beneath base path '/actuator'
2024-03-21 11:46:17,355 INFO o.a.j.l.DirectJDKLog [main] Starting ProtocolHandler ["http-nio-7070"]
2024-03-21 11:46:17,385 INFO o.s.b.w.e.t.TomcatWebServer [main] Tomcat started on port 7070 (http) with context path ''
2024-03-21 11:46:17,396 INFO o.s.b.StartupInfoLogger [main] Started Main in 6.128 seconds (process running for 6.449)
2024-03-21 11:46:29,688 INFO o.a.j.l.DirectJDKLog [http-nio-7070-exec-1] Initializing Spring DispatcherServlet 'dispatcherServlet'
2024-03-21 11:46:29,688 INFO o.s.w.s.FrameworkServlet [http-nio-7070-exec-1] Initializing Servlet 'dispatcherServlet'
2024-03-21 11:46:29,689 INFO o.s.w.s.FrameworkServlet [http-nio-7070-exec-1] Completed initialization in 1 ms
2024-03-21 11:46:33,803 WARN o.e.s.SellerService [http-nio-7070-exec-3] The seller name already exists
2024-03-21 11:50:28,773 INFO o.s.o.j.AbstractEntityManagerFactoryBean [SpringApplicationShutdownHook] Closing JPA EntityManagerFactory for persistence unit 'default'
2024-03-21 11:50:28,779 INFO c.z.h.HikariDataSource [SpringApplicationShutdownHook] HikariPool-1 - Shutdown initiated...
2024-03-21 11:50:28,781 INFO c.z.h.HikariDataSource [SpringApplicationShutdownHook] HikariPool-1 - Shutdown completed.
